<?xml version="1.0" encoding="UTF-8"?>
<!-- Generated by org.testng.reporters.JUnitXMLReporter -->
<testsuite ignored="0" hostname="DESKTOP-5Q1QJ1K" failures="0" tests="6" name="Default test" time="31.204" errors="0" timestamp="2023-01-10T01:24:19 ART">
  <testcase classname="Edit.SauceDemo.Asignacion6" name="login" time="7.814"/>
  <testcase classname="Edit.SauceDemo.Asignacion6" name="login" time="17.428"/>
  <testcase classname="Edit.SauceDemo.Asignacion6" name="login" time="1.423"/>
  <testcase classname="Edit.SauceDemo.Asignacion6" name="login" time="1.422"/>
  <testcase classname="Edit.SauceDemo.Asignacion6" name="login" time="1.408"/>
  <testcase classname="Edit.SauceDemo.Asignacion6" name="login" time="1.429"/>
</testsuite> <!-- Default test -->
