<?xml version="1.0" encoding="UTF-8"?>
<!-- Generated by org.testng.reporters.JUnitXMLReporter -->
<testsuite ignored="0" hostname="DESKTOP-5Q1QJ1K" failures="0" tests="6" name="Test" time="31.356" errors="0" timestamp="2023-01-10T01:19:50 ART">
  <testcase classname="Edit.SauceDemo.Asignacion6" name="login" time="7.946"/>
  <testcase classname="Edit.SauceDemo.Asignacion6" name="login" time="17.448"/>
  <testcase classname="Edit.SauceDemo.Asignacion6" name="login" time="1.427"/>
  <testcase classname="Edit.SauceDemo.Asignacion6" name="login" time="1.406"/>
  <testcase classname="Edit.SauceDemo.Asignacion6" name="login" time="1.43"/>
  <testcase classname="Edit.SauceDemo.Asignacion6" name="login" time="1.415"/>
</testsuite> <!-- Test -->
